<?xml version="1.0" encoding="UTF-8"?>
<!-- Generated by org.testng.reporters.JUnitReportReporter -->
<testsuite skipped="0" hostname="SARAN-VAIO" name="com.saran.cashkaro.LoginPageTest" tests="2" failures="0" timestamp="25 Oct 2018 02:41:55 GMT" time="29.729" errors="0">
  <testcase name="Verify_Warning_Message" time="16.227" classname="com.saran.cashkaro.LoginPageTest"/>
  <testcase name="Verify_User_Signin" time="13.502" classname="com.saran.cashkaro.LoginPageTest"/>
</testsuite> <!-- com.saran.cashkaro.LoginPageTest -->
